{
  "numTotalTestSuites": 2,
  "numPassedTestSuites": 2,
  "numFailedTestSuites": 0,
  "numPendingTestSuites": 0,
  "numTotalTests": 6,
  "numPassedTests": 6,
  "numFailedTests": 0,
  "numPendingTests": 0,
  "numTodoTests": 0,
  "startTime": 1676156289648,
  "success": true,
  "testResults": [
    {
      "assertionResults": [
        {
          "ancestorTitles": [
            ""
          ],
          "fullName": " should have a route handler listening to /api/user/:id for delete request",
          "status": "passed",
          "title": "should have a route handler listening to /api/user/:id for delete request",
          "duration": 35,
          "failureMessages": []
        },
        {
          "ancestorTitles": [
            ""
          ],
          "fullName": " should return a 422 status code if the id is invalid",
          "status": "passed",
          "title": "should return a 422 status code if the id is invalid",
          "duration": 5,
          "failureMessages": []
        },
        {
          "ancestorTitles": [
            ""
          ],
          "fullName": " should return a 204 status code if the id is valid",
          "status": "passed",
          "title": "should return a 204 status code if the id is valid",
          "duration": 13,
          "failureMessages": []
        }
      ],
      "startTime": 1676247060823,
      "endTime": 1676247060876,
      "status": "passed",
      "message": "",
      "name": "/home/luisroque/Documents/my-projects/social-network-be/src/routes/test/user/useDelete.test.ts"
    },
    {
      "assertionResults": [
        {
          "ancestorTitles": [
            ""
          ],
          "fullName": " should have a route handler listening to /api/user for post request",
          "status": "passed",
          "title": "should have a route handler listening to /api/user for post request",
          "duration": 38,
          "failureMessages": []
        },
        {
          "ancestorTitles": [
            ""
          ],
          "fullName": " should return a 400 status code if the request body is invalid",
          "status": "passed",
          "title": "should return a 400 status code if the request body is invalid",
          "duration": 15,
          "failureMessages": []
        },
        {
          "ancestorTitles": [
            ""
          ],
          "fullName": " should return a 201 status code if the request body is valid",
          "status": "passed",
          "title": "should return a 201 status code if the request body is valid",
          "duration": 111,
          "failureMessages": []
        }
      ],
      "startTime": 1676247060810,
      "endTime": 1676247060974,
      "status": "passed",
      "message": "",
      "name": "/home/luisroque/Documents/my-projects/social-network-be/src/routes/test/user/userCreate.test.ts"
    }
  ]
}