{
  "numTotalTestSuites": 2,
  "numPassedTestSuites": 2,
  "numFailedTestSuites": 0,
  "numPendingTestSuites": 0,
  "numTotalTests": 1,
  "numPassedTests": 1,
  "numFailedTests": 0,
  "numPendingTests": 0,
  "numTodoTests": 0,
  "startTime": 1676152728744,
  "success": true,
  "testResults": [
    {
      "assertionResults": [
        {
          "ancestorTitles": [
            "",
            "Create User"
          ],
          "fullName": " Create User should have a route /user with method post",
          "status": "passed",
          "title": "should have a route /user with method post",
          "duration": 29,
          "failureMessages": []
        }
      ],
      "startTime": 1676153027898,
      "endTime": 1676153027927,
      "status": "passed",
      "message": "",
      "name": "/home/luisroque/Documents/my-projects/social-network-be/src/routes/test/user/create.test.ts"
    }
  ]
}